<?xml version="1.0" encoding="UTF-8"?>
<testsuite name="test" tests="7" skipped="0" failures="0" errors="0" timestamp="2018-11-20T09:56:23" hostname="dhcp-1091.q.wlan.net.bme.hu" time="0.106">
  <properties/>
  <testcase name="QuestionRunTest()" classname="test" time="0.028"/>
  <testcase name="WrongAnsTestFalse()" classname="test" time="0.027"/>
  <testcase name="QuestionConsTest()" classname="test" time="0.002"/>
  <testcase name="AnswerRun()" classname="test" time="0.006"/>
  <testcase name="QuestionRunNULLTest()" classname="test" time="0.003"/>
  <testcase name="WrongAnsTestTrue()" classname="test" time="0.009"/>
  <testcase name="SerializeTest()" classname="test" time="0.012"/>
  <system-out><![CDATA[Piros?
y
Mire gondoltal?
Mond egy krdest amire az igen valasz: Citrom
A kedes: Citrus fele?
Auto
Mire gondoltal?
Mond egy krdest amire az igen valasz: Ferrari
A kedes: Auto?
]]></system-out>
  <system-err><![CDATA[]]></system-err>
</testsuite>
